<?xml version="1.0" encoding="UTF-8"?>
<!-- Generated by org.testng.reporters.JUnitReportReporter -->
<testsuite skipped="0" hostname="DESKTOP-OAVT275" name="com.osa.TestNG_Basic" tests="3" failures="0" timestamp="2020-06-09T00:02:19 EDT" time="52.184" errors="0">
  <testcase name="OSATitleTest" time="15.026" classname="com.osa.TestNG_Basic"/>
  <system-out/>
  <testcase name="OSALogoTest" time="17.763" classname="com.osa.TestNG_Basic"/>
  <system-out/>
  <testcase name="ForumLogingTest" time="19.395" classname="com.osa.TestNG_Basic"/>
  <system-out/>
</testsuite> <!-- com.osa.TestNG_Basic -->
