<?xml version="1.0" encoding="UTF-8"?>
<!-- Generated by org.testng.reporters.JUnitReportReporter -->
<testsuite skipped="0" hostname="DESKTOP-OAVT275" name="com.test.Excel_Read" tests="1" failures="0" timestamp="2020-08-01T22:37:14 EDT" time="40.257" errors="0">
  <testcase name="excelRead" time="40.257" classname="com.test.Excel_Read"/>
  <system-out/>
</testsuite> <!-- com.test.Excel_Read -->
