<?xml version="1.0" encoding="UTF-8"?>
<!-- Generated by org.testng.reporters.JUnitReportReporter -->
<testsuite skipped="0" hostname="DESKTOP-OAVT275" name="com.test.Base_A" tests="1" failures="0" timestamp="2020-08-01T22:36:15 EDT" time="7.665" errors="0">
  <testcase name="openBrowse" time="7.665" classname="com.test.Base_A"/>
  <system-out/>
</testsuite> <!-- com.test.Base_A -->
