<?xml version="1.0" encoding="UTF-8"?>
<!-- Generated by org.testng.reporters.JUnitReportReporter -->
<testsuite skipped="0" hostname="DESKTOP-OAVT275" name="com.test.ParallelExecution" tests="2" failures="0" timestamp="2020-07-07T14:31:56 EDT" time="41.164" errors="0">
  <testcase name="test2" time="31.624" classname="com.test.ParallelExecution"/>
  <system-out/>
  <testcase name="test1" time="9.540" classname="com.test.ParallelExecution"/>
  <system-out/>
</testsuite> <!-- com.test.ParallelExecution -->
