<?xml version="1.0" encoding="UTF-8"?>
<!-- Generated by org.testng.reporters.JUnitReportReporter -->
<testsuite skipped="0" hostname="DESKTOP-OAVT275" name="com.osa.TestNG_Demo" tests="2" failures="0" timestamp="2020-06-07T23:45:34 EDT" time="0.033" errors="0">
  <testcase name="facebookTitleTest" time="0.021" classname="com.osa.TestNG_Demo"/>
  <system-out/>
  <testcase name="facebookURLTest" time="0.012" classname="com.osa.TestNG_Demo"/>
  <system-out/>
</testsuite> <!-- com.osa.TestNG_Demo -->
