<?xml version="1.0" encoding="UTF-8"?>
<!-- Generated by org.testng.reporters.JUnitReportReporter -->
<testsuite skipped="0" hostname="DESKTOP-OAVT275" name="com.osa.InvocationCount" tests="5" failures="0" timestamp="2020-06-08T23:06:09 EDT" time="0.018" errors="0">
  <testcase name="add" time="0.002" classname="com.osa.InvocationCount"/>
  <system-out/>
  <testcase name="add" time="0.002" classname="com.osa.InvocationCount"/>
  <system-out/>
  <testcase name="add" time="0.000" classname="com.osa.InvocationCount"/>
  <system-out/>
  <testcase name="add" time="0.012" classname="com.osa.InvocationCount"/>
  <system-out/>
  <testcase name="add" time="0.002" classname="com.osa.InvocationCount"/>
  <system-out/>
</testsuite> <!-- com.osa.InvocationCount -->
