<?xml version="1.0" encoding="UTF-8"?>
<!-- Generated by org.testng.reporters.JUnitReportReporter -->
<testsuite skipped="0" hostname="DESKTOP-OAVT275" name="com.test.LoginTest_A" tests="9" failures="0" timestamp="2020-06-26T21:29:48 EDT" time="78.004" errors="0">
  <testcase name="getData" time="9.447" classname="com.test.LoginTest_A"/>
  <system-out/>
  <testcase name="getData" time="8.204" classname="com.test.LoginTest_A"/>
  <system-out/>
  <testcase name="getData" time="8.913" classname="com.test.LoginTest_A"/>
  <system-out/>
  <testcase name="getData" time="8.835" classname="com.test.LoginTest_A"/>
  <system-out/>
  <testcase name="getData" time="8.286" classname="com.test.LoginTest_A"/>
  <system-out/>
  <testcase name="getData" time="8.715" classname="com.test.LoginTest_A"/>
  <system-out/>
  <testcase name="getData" time="8.171" classname="com.test.LoginTest_A"/>
  <system-out/>
  <testcase name="getData" time="8.652" classname="com.test.LoginTest_A"/>
  <system-out/>
  <testcase name="getData" time="8.781" classname="com.test.LoginTest_A"/>
  <system-out/>
</testsuite> <!-- com.test.LoginTest_A -->
