<?xml version="1.0" encoding="UTF-8"?>
<!-- Generated by org.testng.reporters.JUnitReportReporter -->
<testsuite skipped="0" hostname="DESKTOP-OAVT275" name="com.osa.TestNG_SecondPage" tests="5" failures="0" timestamp="2020-06-07T23:45:34 EDT" time="0.014" errors="0">
  <testcase name="carloan" time="0.003" classname="com.osa.TestNG_SecondPage"/>
  <system-out/>
  <testcase name="bussinesloan" time="0.002" classname="com.osa.TestNG_SecondPage"/>
  <system-out/>
  <testcase name="bikeloan" time="0.003" classname="com.osa.TestNG_SecondPage"/>
  <system-out/>
  <testcase name="homeloan" time="0.004" classname="com.osa.TestNG_SecondPage"/>
  <system-out/>
  <testcase name="motorloan" time="0.002" classname="com.osa.TestNG_SecondPage"/>
  <system-out/>
</testsuite> <!-- com.osa.TestNG_SecondPage -->
